0 info it worked if it ends with ok
1 verbose cli [ 'node',
1 verbose cli   '/usr/local/bin/npm',
1 verbose cli   'install',
1 verbose cli   'jsai-servicemessagepersistence',
1 verbose cli   '-save' ]
2 info using npm@1.4.28
3 info using node@v0.10.33
4 verbose readDependencies using package.json deps
5 verbose cache add [ 'jsai-servicemessagepersistence', null ]
6 verbose cache add name=undefined spec="jsai-servicemessagepersistence" args=["jsai-servicemessagepersistence",null]
7 verbose parsed url { protocol: null,
7 verbose parsed url   slashes: null,
7 verbose parsed url   auth: null,
7 verbose parsed url   host: null,
7 verbose parsed url   port: null,
7 verbose parsed url   hostname: null,
7 verbose parsed url   hash: null,
7 verbose parsed url   search: null,
7 verbose parsed url   query: null,
7 verbose parsed url   pathname: 'jsai-servicemessagepersistence',
7 verbose parsed url   path: 'jsai-servicemessagepersistence',
7 verbose parsed url   href: 'jsai-servicemessagepersistence' }
8 silly lockFile 5e86f8f1-jsai-servicemessagepersistence jsai-servicemessagepersistence
9 verbose lock jsai-servicemessagepersistence /Users/jean-sebastiencote/.npm/5e86f8f1-jsai-servicemessagepersistence.lock
10 silly lockFile 5e86f8f1-jsai-servicemessagepersistence jsai-servicemessagepersistence
11 silly lockFile 5e86f8f1-jsai-servicemessagepersistence jsai-servicemessagepersistence
12 verbose addNamed [ 'jsai-servicemessagepersistence', '' ]
13 verbose addNamed [ null, '*' ]
14 silly lockFile 2bb5a756-jsai-servicemessagepersistence jsai-servicemessagepersistence@
15 verbose lock jsai-servicemessagepersistence@ /Users/jean-sebastiencote/.npm/2bb5a756-jsai-servicemessagepersistence.lock
16 silly addNameRange { name: 'jsai-servicemessagepersistence',
16 silly addNameRange   range: '*',
16 silly addNameRange   hasData: false }
17 verbose request where is /jsai-servicemessagepersistence
18 verbose request registry https://registry.npmjs.org/
19 verbose request id 72651c7cd19ba077
20 verbose url raw /jsai-servicemessagepersistence
21 verbose url resolving [ 'https://registry.npmjs.org/',
21 verbose url resolving   './jsai-servicemessagepersistence' ]
22 verbose url resolved https://registry.npmjs.org/jsai-servicemessagepersistence
23 verbose request where is https://registry.npmjs.org/jsai-servicemessagepersistence
24 info trying registry request attempt 1 at 19:49:36
25 http GET https://registry.npmjs.org/jsai-servicemessagepersistence
26 http 404 https://registry.npmjs.org/jsai-servicemessagepersistence
27 verbose headers { date: 'Wed, 11 Feb 2015 03:49:36 GMT',
27 verbose headers   server: 'CouchDB/1.5.0 (Erlang OTP/R16B03)',
27 verbose headers   'content-type': 'application/json',
27 verbose headers   'cache-control': 'max-age=0',
27 verbose headers   'content-length': '52',
27 verbose headers   'accept-ranges': 'bytes',
27 verbose headers   via: '1.1 varnish',
27 verbose headers   age: '0',
27 verbose headers   'x-served-by': 'cache-sjc3121-SJC',
27 verbose headers   'x-cache': 'MISS',
27 verbose headers   'x-cache-hits': '0',
27 verbose headers   'x-timer': 'S1423626576.570365,VS0,VE154',
27 verbose headers   'keep-alive': 'timeout=10, max=50',
27 verbose headers   connection: 'Keep-Alive' }
28 silly registry.get cb [ 404,
28 silly registry.get   { date: 'Wed, 11 Feb 2015 03:49:36 GMT',
28 silly registry.get     server: 'CouchDB/1.5.0 (Erlang OTP/R16B03)',
28 silly registry.get     'content-type': 'application/json',
28 silly registry.get     'cache-control': 'max-age=0',
28 silly registry.get     'content-length': '52',
28 silly registry.get     'accept-ranges': 'bytes',
28 silly registry.get     via: '1.1 varnish',
28 silly registry.get     age: '0',
28 silly registry.get     'x-served-by': 'cache-sjc3121-SJC',
28 silly registry.get     'x-cache': 'MISS',
28 silly registry.get     'x-cache-hits': '0',
28 silly registry.get     'x-timer': 'S1423626576.570365,VS0,VE154',
28 silly registry.get     'keep-alive': 'timeout=10, max=50',
28 silly registry.get     connection: 'Keep-Alive' } ]
29 silly lockFile 2bb5a756-jsai-servicemessagepersistence jsai-servicemessagepersistence@
30 silly lockFile 2bb5a756-jsai-servicemessagepersistence jsai-servicemessagepersistence@
31 error 404 404 Not Found: jsai-servicemessagepersistence
31 error 404
31 error 404 'jsai-servicemessagepersistence' is not in the npm registry.
31 error 404 You should bug the author to publish it
31 error 404 It was specified as a dependency of 'serviceTemplate'
31 error 404
31 error 404 Note that you can also install from a
31 error 404 tarball, folder, or http url, or git url.
32 error System Darwin 14.1.0
33 error command "node" "/usr/local/bin/npm" "install" "jsai-servicemessagepersistence" "-save"
34 error cwd /Users/jean-sebastiencote/webstormprojects/serviceTemplate
35 error node -v v0.10.33
36 error npm -v 1.4.28
37 error code E404
38 verbose exit [ 1, true ]
